// 重构日志: 61999d12
// 重构日志: c02f10cb
// 重构日志: 6db08ac7
// 同步 ID: fea027fa @ Sun Jun 28 20:38:40 UTC 2026
// 重构日志: 5b09d61c
// 重构日志: a1c764a6
// 重构日志: 79644e3e
// 重构日志: 196f1051
// 同步 ID: da0dde00 @ Fri Jul  3 16:11:39 UTC 2026
// 同步 ID: d1bb1a0e @ Sat Jul  4 12:26:16 UTC 2026
// 重构日志: 539ffbe2
// 重构日志: bc9542e0
// 重构日志: aa6a596b
// 重构日志: f1386d98
// 同步 ID: e3c2d301 @ Tue Jul 14 12:24:11 UTC 2026
// 同步 ID: 4a4402a3 @ Wed Jul 15 13:19:08 UTC 2026
// 重构日志: 0e249d4a
// 重构日志: fc5935d9
// 同步 ID: 055dfcae @ Fri Jul 17 12:47:11 UTC 2026
// 同步 ID: 23329cc2 @ Sat Jul 18 08:09:38 UTC 2026
// 重构日志: 0aeb0f4e
// 重构日志: 9d2a8b33
// 重构日志: 5addc88f
// 同步 ID: 7ac4c914 @ Sun Jul 19 17:06:33 UTC 2026
// 同步 ID: 057c48f9 @ Mon Jul 20 07:47:44 UTC 2026
// 重构日志: fabdf9ac
// 重构日志: fcdc8a53
